[STDOUT] Downloading mojang_1.21.jar
[STDOUT] Applying patches
[STDOUT] Starting org.bukkit.craftbukkit.Main
[STDERR] *** Warning, you've not updated in a while! ***
*** Please download a new build as per instructions from https://papermc.io/downloads/paper ***
[STDERR] Failed to load native library:jansi-2.4.0-e5fa49a6db7ec25b-libjansi.so. osinfo: Linux/arm64
java.lang.UnsatisfiedLinkError: /data/data/com.termux/files/usr/tmp/jansi-2.4.0-e5fa49a6db7ec25b-libjansi.so: dlopen failed: library "libc.so.6" not found: needed by /data/data/com.termux/files/usr/tmp/jansi-2.4.0-e5fa49a6db7ec25b-libjansi.so in namespace (default)
[STDOUT] WARN StatusConsoleListener Advanced terminal features are not available in this environment
[STDOUT] [19:59:49 INFO]: [bootstrap] Running Java 21 (OpenJDK 64-Bit Server VM 21.0.7; Termux null) on Linux 4.19.157-perf+ (aarch64)
[STDOUT] [19:59:49 INFO]: [bootstrap] Loading Paper 1.21-130-master@b1b5d4c (2024-08-10T10:02:42Z) for Minecraft 1.21
[STDOUT] [19:59:49 WARN]: [oshi.software.os.linux.LinuxOperatingSystem] Did not find udev library in operating system. Some features may not work.
[STDOUT] [19:59:49 WARN]: Failed retrieving info for group processor
java.lang.NoClassDefFoundError: Could not initialize class com.sun.jna.Native
	at oshi.jna.platform.linux.LinuxLibc.<clinit>(LinuxLibc.java:22) ~[oshi-core-6.4.10.jar:6.4.10]
	at oshi.software.os.linux.LinuxOperatingSystem.<clinit>(LinuxOperatingSystem.java:98) ~[oshi-core-6.4.10.jar:6.4.10]
	at oshi.hardware.platform.linux.LinuxCentralProcessor.initProcessorCounts(LinuxCentralProcessor.java:171) ~[oshi-core-6.4.10.jar:6.4.10]
	at oshi.hardware.common.AbstractCentralProcessor.<init>(AbstractCentralProcessor.java:67) ~[oshi-core-6.4.10.jar:6.4.10]
	at oshi.hardware.platform.linux.LinuxCentralProcessor.<init>(LinuxCentralProcessor.java:58) ~[oshi-core-6.4.10.jar:6.4.10]
	at oshi.hardware.platform.linux.LinuxHardwareAbstractionLayer.createProcessor(LinuxHardwareAbstractionLayer.java:43) ~[oshi-core-6.4.10.jar:6.4.10]
	at oshi.util.Memoizer$1.get(Memoizer.java:61) ~[oshi-core-6.4.10.jar:6.4.10]
	at oshi.hardware.common.AbstractHardwareAbstractionLayer.getProcessor(AbstractHardwareAbstractionLayer.java:48) ~[oshi-core-6.4.10.jar:6.4.10]
	at net.minecraft.SystemReport.lambda$putHardware$4(SystemReport.java:80) ~[paper-1.21.jar:1.21-130-b1b5d4c]
	at net.minecraft.SystemReport.ignoreErrors(SystemReport.java:88) ~[paper-1.21.jar:1.21-130-b1b5d4c]
	at net.minecraft.SystemReport.putHardware(SystemReport.java:80) ~[paper-1.21.jar:1.21-130-b1b5d4c]
	at net.minecraft.SystemReport.lambda$new$2(SystemReport.java:58) ~[paper-1.21.jar:1.21-130-b1b5d4c]
	at net.minecraft.SystemReport.ignoreErrors(SystemReport.java:88) ~[paper-1.21.jar:1.21-130-b1b5d4c]
	at net.minecraft.SystemReport.<init>(SystemReport.java:58) ~[paper-1.21.jar:1.21-130-b1b5d4c]
	at net.minecraft.CrashReport.<init>(CrashReport.java:34) ~[paper-1.21.jar:1.21-130-b1b5d4c]
	at net.minecraft.CrashReport.preload(CrashReport.java:258) ~[paper-1.21.jar:1.21-130-b1b5d4c]
	at net.minecraft.server.Main.main(Main.java:118) ~[paper-1.21.jar:1.21-130-b1b5d4c]
	at io.papermc.paper.PaperBootstrap.boot(PaperBootstrap.java:21) ~[paper-1.21.jar:1.21-130-b1b5d4c]
	at org.bukkit.craftbukkit.Main.main(Main.java:281) ~[paper-1.21.jar:1.21-130-b1b5d4c]
	at io.papermc.paperclip.Paperclip.lambda$main$0(Paperclip.java:42) ~[app:?]
	at java.base/java.lang.Thread.run(Thread.java:1583) ~[?:?]
Caused by: java.lang.ExceptionInInitializerError: Exception java.lang.UnsatisfiedLinkError: /data/data/com.termux/files/home/.cache/JNA/temp/jna4685233241993748938.tmp: dlopen failed: library "libc.so.6" not found: needed by /data/data/com.termux/files/home/.cache/JNA/temp/jna4685233241993748938.tmp in namespace (default) [in thread "ServerMain"]
	at java.base/jdk.internal.loader.NativeLibraries.load(Native Method) ~[?:?]
	at java.base/jdk.internal.loader.NativeLibraries$NativeLibraryImpl.open(NativeLibraries.java:331) ~[?:?]
	at java.base/jdk.internal.loader.NativeLibraries.loadLibrary(NativeLibraries.java:197) ~[?:?]
	at java.base/jdk.internal.loader.NativeLibraries.loadLibrary(NativeLibraries.java:139) ~[?:?]
	at java.base/java.lang.ClassLoader.loadLibrary(ClassLoader.java:2418) ~[?:?]
	at java.base/java.lang.Runtime.load0(Runtime.java:852) ~[?:?]
	at java.base/java.lang.System.load(System.java:2025) ~[?:?]
	at com.sun.jna.Native.loadNativeDispatchLibraryFromClasspath(Native.java:1041) ~[jna-5.14.0.jar:5.14.0 (b0)]
	at com.sun.jna.Native.loadNativeDispatchLibrary(Native.java:1011) ~[jna-5.14.0.jar:5.14.0 (b0)]
	at com.sun.jna.Native.<clinit>(Native.java:221) ~[jna-5.14.0.jar:5.14.0 (b0)]
	at com.sun.jna.platform.linux.Udev.<clinit>(Udev.java:37) ~[jna-platform-5.14.0.jar:5.14.0 (b0)]
	at oshi.software.os.linux.LinuxOperatingSystem.<clinit>(LinuxOperatingSystem.java:80) ~[oshi-core-6.4.10.jar:6.4.10]
	... 19 more
[STDOUT] [19:59:49 WARN]: Failed retrieving info for group memory
java.lang.NoClassDefFoundError: Could not initialize class oshi.software.os.linux.LinuxOperatingSystem
	at oshi.hardware.platform.linux.LinuxGlobalMemory.<clinit>(LinuxGlobalMemory.java:28) ~[oshi-core-6.4.10.jar:6.4.10]
	at oshi.hardware.platform.linux.LinuxHardwareAbstractionLayer.createMemory(LinuxHardwareAbstractionLayer.java:38) ~[oshi-core-6.4.10.jar:6.4.10]
	at oshi.util.Memoizer$1.get(Memoizer.java:61) ~[oshi-core-6.4.10.jar:6.4.10]
	at oshi.hardware.common.AbstractHardwareAbstractionLayer.getMemory(AbstractHardwareAbstractionLayer.java:60) ~[oshi-core-6.4.10.jar:6.4.10]
	at net.minecraft.SystemReport.lambda$putHardware$6(SystemReport.java:82) ~[paper-1.21.jar:1.21-130-b1b5d4c]
	at net.minecraft.SystemReport.ignoreErrors(SystemReport.java:88) ~[paper-1.21.jar:1.21-130-b1b5d4c]
	at net.minecraft.SystemReport.putHardware(SystemReport.java:82) ~[paper-1.21.jar:1.21-130-b1b5d4c]
	at net.minecraft.SystemReport.lambda$new$2(SystemReport.java:58) ~[paper-1.21.jar:1.21-130-b1b5d4c]
	at net.minecraft.SystemReport.ignoreErrors(SystemReport.java:88) ~[paper-1.21.jar:1.21-130-b1b5d4c]
	at net.minecraft.SystemReport.<init>(SystemReport.java:58) ~[paper-1.21.jar:1.21-130-b1b5d4c]
	at net.minecraft.CrashReport.<init>(CrashReport.java:34) ~[paper-1.21.jar:1.21-130-b1b5d4c]
	at net.minecraft.CrashReport.preload(CrashReport.java:258) ~[paper-1.21.jar:1.21-130-b1b5d4c]
	at net.minecraft.server.Main.main(Main.java:118) ~[paper-1.21.jar:1.21-130-b1b5d4c]
	at io.papermc.paper.PaperBootstrap.boot(PaperBootstrap.java:21) ~[paper-1.21.jar:1.21-130-b1b5d4c]
	at org.bukkit.craftbukkit.Main.main(Main.java:281) ~[paper-1.21.jar:1.21-130-b1b5d4c]
	at io.papermc.paperclip.Paperclip.lambda$main$0(Paperclip.java:42) ~[app:?]
	at java.base/java.lang.Thread.run(Thread.java:1583) ~[?:?]
Caused by: java.lang.ExceptionInInitializerError: Exception java.lang.NoClassDefFoundError: Could not initialize class com.sun.jna.Native [in thread "ServerMain"]
	at oshi.jna.platform.linux.LinuxLibc.<clinit>(LinuxLibc.java:22) ~[oshi-core-6.4.10.jar:6.4.10]
	at oshi.software.os.linux.LinuxOperatingSystem.<clinit>(LinuxOperatingSystem.java:98) ~[oshi-core-6.4.10.jar:6.4.10]
	at oshi.hardware.platform.linux.LinuxCentralProcessor.initProcessorCounts(LinuxCentralProcessor.java:171) ~[oshi-core-6.4.10.jar:6.4.10]
	at oshi.hardware.common.AbstractCentralProcessor.<init>(AbstractCentralProcessor.java:67) ~[oshi-core-6.4.10.jar:6.4.10]
	at oshi.hardware.platform.linux.LinuxCentralProcessor.<init>(LinuxCentralProcessor.java:58) ~[oshi-core-6.4.10.jar:6.4.10]
	at oshi.hardware.platform.linux.LinuxHardwareAbstractionLayer.createProcessor(LinuxHardwareAbstractionLayer.java:43) ~[oshi-core-6.4.10.jar:6.4.10]
	at oshi.util.Memoizer$1.get(Memoizer.java:61) ~[oshi-core-6.4.10.jar:6.4.10]
	at oshi.hardware.common.AbstractHardwareAbstractionLayer.getProcessor(AbstractHardwareAbstractionLayer.java:48) ~[oshi-core-6.4.10.jar:6.4.10]
	at net.minecraft.SystemReport.lambda$putHardware$4(SystemReport.java:80) ~[paper-1.21.jar:1.21-130-b1b5d4c]
	at net.minecraft.SystemReport.ignoreErrors(SystemReport.java:88) ~[paper-1.21.jar:1.21-130-b1b5d4c]
	at net.minecraft.SystemReport.putHardware(SystemReport.java:80) ~[paper-1.21.jar:1.21-130-b1b5d4c]
	... 10 more
[STDOUT] [19:59:49 INFO]: [PluginInitializerManager] Initializing plugins...
[STDOUT] [19:59:50 INFO]: [PluginInitializerManager] Initialized 0 plugins
[STDOUT] [19:59:55 INFO]: [ReobfServer] Remapping server...
[STDOUT] [20:00:24 INFO]: Environment: Environment[sessionHost=https://sessionserver.mojang.com, servicesHost=https://api.minecraftservices.com, name=PROD]
[STDOUT] [20:00:25 INFO]: [ReobfServer] Done remapping server in 30321ms.
[STDOUT] [20:00:25 INFO]: Found new data pack file/bukkit, loading it automatically
[STDOUT] [20:00:25 INFO]: Found new data pack paper, loading it automatically
[STDOUT] [20:00:28 INFO]: No existing world data, creating new world
[STDOUT] [20:00:32 INFO]: Loaded 1290 recipes
[STDOUT] [20:00:33 INFO]: Loaded 1399 advancements
[STDOUT] [20:00:34 INFO]: Starting minecraft server version 1.21
[STDOUT] [20:00:34 INFO]: Loading properties
[STDOUT] [20:00:34 INFO]: This server is running Paper version 1.21-130-master@b1b5d4c (2024-08-10T10:02:42Z) (Implementing API version 1.21-R0.1-SNAPSHOT)
[STDOUT] [20:00:37 INFO]: [spark] This server bundles the spark profiler. For more information please visit https://docs.papermc.io/paper/profiling
[STDOUT] [20:00:37 INFO]: Using 4 threads for Netty based IO
[STDOUT] [20:00:37 INFO]: Server Ping Player Sample Count: 12
[STDOUT] [20:00:39 INFO]: [ChunkTaskScheduler] Chunk system is using 1 I/O threads, 2 worker threads, and population gen parallelism of 2 threads
[STDOUT] [20:00:41 INFO]: Default game type: SURVIVAL
[STDOUT] [20:00:41 INFO]: Generating keypair
[STDOUT] [20:00:41 INFO]: Starting Minecraft server on *:25565
[STDOUT] [20:00:41 INFO]: Using default channel type
[STDOUT] [20:00:41 INFO]: Paper: Using Java compression from Velocity.
[STDOUT] [20:00:41 INFO]: Paper: Using Java cipher from Velocity.
[STDOUT] [20:00:41 WARN]: [io.netty.util.internal.MacAddressUtil] Failed to find a usable hardware address from the network interfaces; using random bytes: 05:0d:3b:a5:72:98:17:f6
[STDOUT] [20:00:41 INFO]: Preparing level "world"
[STDOUT] [20:01:12 INFO]: Preparing start region for dimension minecraft:overworld
[STDOUT] [20:01:29 INFO]: Time elapsed: 16822 ms
[20:01:29 INFO]: Preparing start region for dimension minecraft:the_nether
[STDOUT] [20:01:35 INFO]: Time elapsed: 6325 ms
[20:01:35 INFO]: Preparing start region for dimension minecraft:the_end
[STDOUT] [20:01:37 INFO]: Time elapsed: 1582 ms
[STDOUT] [20:01:37 INFO]: [spark] Starting background profiler...
[STDOUT] [20:01:37 WARN]: [spark] Unable to initialise the async-profiler engine: A runtime error occurred whilst loading the native library (/data/data/com.termux/files/home/MojePliki/serwery/HOSTING/plugins/spark/tmp/spark-a1615755bd4-libasyncProfiler.so.tmp: dlopen failed: library "libdl.so.2" not found: needed by /data/data/com.termux/files/home/MojePliki/serwery/HOSTING/plugins/spark/tmp/spark-a1615755bd4-libasyncProfiler.so.tmp in namespace (default))
[20:01:37 WARN]: [spark] Please see here for more information: https://spark.lucko.me/docs/misc/Using-async-profiler
[STDOUT] [20:01:37 INFO]: Done preparing level "world" (55.500s)
[STDOUT] [20:01:37 INFO]: Running delayed init tasks
[STDOUT] [20:01:37 INFO]: Done (112.761s)! For help, type "help"
[20:01:37 INFO]: *************************************************************************************
[20:01:37 INFO]: This is the first time you're starting this server.
[20:01:37 INFO]: It's recommended you read our 'Getting Started' documentation for guidance.
[20:01:37 INFO]: View this and more helpful information here: https://docs.papermc.io/paper/next-steps
[20:01:37 INFO]: *************************************************************************************
[STDOUT] [20:01:37 INFO]: Timings Reset
[STDOUT] [20:01:38 INFO]: Stopping the server
[STDOUT] [20:01:38 INFO]: Stopping the server
[STDOUT] [20:01:38 INFO]: Stopping the server
[STDOUT] [20:01:38 INFO]: Stopping the server
[STDOUT] [20:01:38 INFO]: Stopping the server
[STDOUT] [20:01:38 INFO]: Stopping the server
[STDOUT] [20:01:38 INFO]: Stopping the server
[STDOUT] [20:01:38 INFO]: Stopping the server
[STDOUT] [20:01:38 INFO]: Stopping the server
[STDOUT] [20:01:38 INFO]: Stopping the server
[STDOUT] [20:01:38 INFO]: Stopping the server
[STDOUT] [20:01:38 INFO]: Stopping the server
[STDOUT] [20:01:38 INFO]: Stopping the server
[STDOUT] [20:01:38 INFO]: Stopping the server
[STDOUT] [20:01:38 INFO]: Stopping the server
[STDOUT] [20:01:38 INFO]: Stopping the server
[STDOUT] [20:01:38 INFO]: Stopping the server
[20:01:38 INFO]: Stopping the server
[STDOUT] [20:01:38 INFO]: Stopping the server
[STDOUT] [20:01:38 INFO]: Stopping the server
[STDOUT] [20:01:38 INFO]: Stopping the server
[STDOUT] [20:01:38 INFO]: Stopping the server
[STDOUT] [20:01:38 INFO]: Stopping the server
[STDOUT] [20:01:38 INFO]: Stopping the server
[STDOUT] [20:01:38 INFO]: Stopping the server
[STDOUT] [20:01:38 INFO]: Stopping server
[STDOUT] [20:01:38 INFO]: Saving players
[STDOUT] [20:01:38 INFO]: Saving worlds
[STDOUT] [20:01:38 INFO]: Saving chunks for level 'ServerLevel[world]'/minecraft:overworld
[STDOUT] [20:01:38 INFO]: [ChunkHolderManager] Waiting 60s for chunk system to halt for world 'world'
[STDOUT] [20:01:38 INFO]: [ChunkHolderManager] Halted chunk system for world 'world'
[STDOUT] [20:01:38 INFO]: [ChunkHolderManager] Saving all chunkholders for world 'world'
[STDOUT] [20:01:42 INFO]: [ChunkHolderManager] Saved 841 block chunks, 49 entity chunks, 0 poi chunks in world 'world' in 4.37s
[STDOUT] [20:01:42 INFO]: Saving chunks for level 'ServerLevel[world_nether]'/minecraft:the_nether
[STDOUT] [20:01:42 INFO]: [ChunkHolderManager] Waiting 60s for chunk system to halt for world 'world_nether'
[20:01:42 INFO]: [ChunkHolderManager] Halted chunk system for world 'world_nether'
[STDOUT] [20:01:42 INFO]: [ChunkHolderManager] Saving all chunkholders for world 'world_nether'
[STDOUT] [20:01:44 INFO]: [ChunkHolderManager] Saved 841 block chunks, 49 entity chunks, 0 poi chunks in world 'world_nether' in 1.42s
[STDOUT] [20:01:44 INFO]: Saving chunks for level 'ServerLevel[world_the_end]'/minecraft:the_end
[STDOUT] [20:01:44 INFO]: [ChunkHolderManager] Waiting 60s for chunk system to halt for world 'world_the_end'
[20:01:44 INFO]: [ChunkHolderManager] Halted chunk system for world 'world_the_end'
[STDOUT] [20:01:44 INFO]: [ChunkHolderManager] Saving all chunkholders for world 'world_the_end'
[STDOUT] [20:01:45 INFO]: [ChunkHolderManager] Saved 841 block chunks, 49 entity chunks, 0 poi chunks in world 'world_the_end' in 0.93s
[STDOUT] [20:01:45 INFO]: ThreadedAnvilChunkStorage (world): All chunks are saved
[20:01:45 INFO]: ThreadedAnvilChunkStorage (DIM-1): All chunks are saved
[20:01:45 INFO]: ThreadedAnvilChunkStorage (DIM1): All chunks are saved
[20:01:45 INFO]: ThreadedAnvilChunkStorage: All dimensions are saved
[CLOSE] Kod zakończenia: 0
[STDOUT] Starting org.bukkit.craftbukkit.Main
[STDERR] *** Warning, you've not updated in a while! ***
[STDERR] *** Please download a new build as per instructions from https://papermc.io/downloads/paper ***
[STDERR] Failed to load native library:jansi-2.4.0-1131d5d75f23da30-libjansi.so[STDERR] . osinfo: Linux/arm64
java.lang.UnsatisfiedLinkError: /data/data/com.termux/files/usr/tmp/jansi-2.4.0-1131d5d75f23da30-libjansi.so: dlopen failed: library "libc.so.6" not found: needed by /data/data/com.termux/files/usr/tmp/jansi-2.4.0-1131d5d75f23da30-libjansi.so in namespace (default)
[STDOUT] WARN StatusConsoleListener Advanced terminal features are not available in this environment
[STDOUT] [20:02:58 INFO]: [bootstrap] Running Java 21 (OpenJDK 64-Bit Server VM 21.0.7; Termux null) on Linux 4.19.157-perf+ (aarch64)
[STDOUT] [20:02:58 INFO]: [bootstrap] Loading Paper 1.21-130-master@b1b5d4c (2024-08-10T10:02:42Z) for Minecraft 1.21
[STDOUT] [20:02:58 WARN]: [oshi.software.os.linux.LinuxOperatingSystem] Did not find udev library in operating system. Some features may not work.
[STDOUT] [20:02:58 WARN]: Failed retrieving info for group processor
java.lang.NoClassDefFoundError: Could not initialize class com.sun.jna.Native
	at oshi.jna.platform.linux.LinuxLibc.<clinit>(LinuxLibc.java:22) ~[oshi-core-6.4.10.jar:6.4.10]
	at oshi.software.os.linux.LinuxOperatingSystem.<clinit>(LinuxOperatingSystem.java:98) ~[oshi-core-6.4.10.jar:6.4.10]
	at oshi.hardware.platform.linux.LinuxCentralProcessor.initProcessorCounts(LinuxCentralProcessor.java:171) ~[oshi-core-6.4.10.jar:6.4.10]
	at oshi.hardware.common.AbstractCentralProcessor.<init>(AbstractCentralProcessor.java:67) ~[oshi-core-6.4.10.jar:6.4.10]
	at oshi.hardware.platform.linux.LinuxCentralProcessor.<init>(LinuxCentralProcessor.java:58) ~[oshi-core-6.4.10.jar:6.4.10]
	at oshi.hardware.platform.linux.LinuxHardwareAbstractionLayer.createProcessor(LinuxHardwareAbstractionLayer.java:43) ~[oshi-core-6.4.10.jar:6.4.10]
	at oshi.util.Memoizer$1.get(Memoizer.java:61) ~[oshi-core-6.4.10.jar:6.4.10]
	at oshi.hardware.common.AbstractHardwareAbstractionLayer.getProcessor(AbstractHardwareAbstractionLayer.java:48) ~[oshi-core-6.4.10.jar:6.4.10]
	at net.minecraft.SystemReport.lambda$putHardware$4(SystemReport.java:80) ~[paper-1.21.jar:1.21-130-b1b5d4c]
	at net.minecraft.SystemReport.ignoreErrors(SystemReport.java:88) ~[paper-1.21.jar:1.21-130-b1b5d4c]
	at net.minecraft.SystemReport.putHardware(SystemReport.java:80) ~[paper-1.21.jar:1.21-130-b1b5d4c]
	at net.minecraft.SystemReport.lambda$new$2(SystemReport.java:58) ~[paper-1.21.jar:1.21-130-b1b5d4c]
	at net.minecraft.SystemReport.ignoreErrors(SystemReport.java:88) ~[paper-1.21.jar:1.21-130-b1b5d4c]
	at net.minecraft.SystemReport.<init>(SystemReport.java:58) ~[paper-1.21.jar:1.21-130-b1b5d4c]
	at net.minecraft.CrashReport.<init>(CrashReport.java:34) ~[paper-1.21.jar:1.21-130-b1b5d4c]
	at net.minecraft.CrashReport.preload(CrashReport.java:258) ~[paper-1.21.jar:1.21-130-b1b5d4c]
	at net.minecraft.server.Main.main(Main.java:118) ~[paper-1.21.jar:1.21-130-b1b5d4c]
	at io.papermc.paper.PaperBootstrap.boot(PaperBootstrap.java:21) ~[paper-1.21.jar:1.21-130-b1b5d4c]
	at org.bukkit.craftbukkit.Main.main(Main.java:281) ~[paper-1.21.jar:1.21-130-b1b5d4c]
	at io.papermc.paperclip.Paperclip.lambda$main$0(Paperclip.java:42) ~[app:?]
	at java.base/java.lang.Thread.run(Thread.java:1583) ~[?:?]
Caused by: java.lang.ExceptionInInitializerError: Exception java.lang.UnsatisfiedLinkError: /data/data/com.termux/files/home/.cache/JNA/temp/jna12150626382022781689.tmp: dlopen failed: library "libc.so.6" not found: needed by /data/data/com.termux/files/home/.cache/JNA/temp/jna12150626382022781689.tmp in namespace (default) [in thread "ServerMain"]
	at java.base/jdk.internal.loader.NativeLibraries.load(Native Method) ~[?:?]
	at java.base/jdk.internal.loader.NativeLibraries$NativeLibraryImpl.open(NativeLibraries.java:331) ~[?:?]
	at java.base/jdk.internal.loader.NativeLibraries.loadLibrary(NativeLibraries.java:197) ~[?:?]
	at java.base/jdk.internal.loader.NativeLibraries.loadLibrary(NativeLibraries.java:139) ~[?:?]
	at java.base/java.lang.ClassLoader.loadLibrary(ClassLoader.java:2418) ~[?:?]
	at java.base/java.lang.Runtime.load0(Runtime.java:852) ~[?:?]
	at java.base/java.lang.System.load(System.java:2025) ~[?:?]
	at com.sun.jna.Native.loadNativeDispatchLibraryFromClasspath(Native.java:1041) ~[jna-5.14.0.jar:5.14.0 (b0)]
	at com.sun.jna.Native.loadNativeDispatchLibrary(Native.java:1011) ~[jna-5.14.0.jar:5.14.0 (b0)]
	at com.sun.jna.Native.<clinit>(Native.java:221) ~[jna-5.14.0.jar:5.14.0 (b0)]
	at com.sun.jna.platform.linux.Udev.<clinit>(Udev.java:37) ~[jna-platform-5.14.0.jar:5.14.0 (b0)]
	at oshi.software.os.linux.LinuxOperatingSystem.<clinit>(LinuxOperatingSystem.java:80) ~[oshi-core-6.4.10.jar:6.4.10]
	... 19 more
[STDOUT] [20:02:58 WARN]: Failed retrieving info for group memory
java.lang.NoClassDefFoundError: Could not initialize class oshi.software.os.linux.LinuxOperatingSystem
	at oshi.hardware.platform.linux.LinuxGlobalMemory.<clinit>(LinuxGlobalMemory.java:28) ~[oshi-core-6.4.10.jar:6.4.10]
	at oshi.hardware.platform.linux.LinuxHardwareAbstractionLayer.createMemory(LinuxHardwareAbstractionLayer.java:38) ~[oshi-core-6.4.10.jar:6.4.10]
	at oshi.util.Memoizer$1.get(Memoizer.java:61) ~[oshi-core-6.4.10.jar:6.4.10]
	at oshi.hardware.common.AbstractHardwareAbstractionLayer.getMemory(AbstractHardwareAbstractionLayer.java:60) ~[oshi-core-6.4.10.jar:6.4.10]
	at net.minecraft.SystemReport.lambda$putHardware$6(SystemReport.java:82) ~[paper-1.21.jar:1.21-130-b1b5d4c]
	at net.minecraft.SystemReport.ignoreErrors(SystemReport.java:88) ~[paper-1.21.jar:1.21-130-b1b5d4c]
	at net.minecraft.SystemReport.putHardware(SystemReport.java:82) ~[paper-1.21.jar:1.21-130-b1b5d4c]
	at net.minecraft.SystemReport.lambda$new$2(SystemReport.java:58) ~[paper-1.21.jar:1.21-130-b1b5d4c]
	at net.minecraft.SystemReport.ignoreErrors(SystemReport.java:88) ~[paper-1.21.jar:1.21-130-b1b5d4c]
	at net.minecraft.SystemReport.<init>(SystemReport.java:58) ~[paper-1.21.jar:1.21-130-b1b5d4c]
	at net.minecraft.CrashReport.<init>(CrashReport.java:34) ~[paper-1.21.jar:1.21-130-b1b5d4c]
	at net.minecraft.CrashReport.preload(CrashReport.java:258) ~[paper-1.21.jar:1.21-130-b1b5d4c]
	at net.minecraft.server.Main.main(Main.java:118) ~[paper-1.21.jar:1.21-130-b1b5d4c]
	at io.papermc.paper.PaperBootstrap.boot(PaperBootstrap.java:21) ~[paper-1.21.jar:1.21-130-b1b5d4c]
	at org.bukkit.craftbukkit.Main.main(Main.java:281) ~[paper-1.21.jar:1.21-130-b1b5d4c]
	at io.papermc.paperclip.Paperclip.lambda$main$0(Paperclip.java:42) ~[app:?]
	at java.base/java.lang.Thread.run(Thread.java:1583) ~[?:?]
Caused by: java.lang.ExceptionInInitializerError: Exception java.lang.NoClassDefFoundError: Could not initialize class com.sun.jna.Native [in thread "ServerMain"]
	at oshi.jna.platform.linux.LinuxLibc.<clinit>(LinuxLibc.java:22) ~[oshi-core-6.4.10.jar:6.4.10]
	at oshi.software.os.linux.LinuxOperatingSystem.<clinit>(LinuxOperatingSystem.java:98) ~[oshi-core-6.4.10.jar:6.4.10]
	at oshi.hardware.platform.linux.LinuxCentralProcessor.initProcessorCounts(LinuxCentralProcessor.java:171) ~[oshi-core-6.4.10.jar:6.4.10]
	at oshi.hardware.common.AbstractCentralProcessor.<init>(AbstractCentralProcessor.java:67) ~[oshi-core-6.4.10.jar:6.4.10]
	at oshi.hardware.platform.linux.LinuxCentralProcessor.<init>(LinuxCentralProcessor.java:58) ~[oshi-core-6.4.10.jar:6.4.10]
	at oshi.hardware.platform.linux.LinuxHardwareAbstractionLayer.createProcessor(LinuxHardwareAbstractionLayer.java:43) ~[oshi-core-6.4.10.jar:6.4.10]
	at oshi.util.Memoizer$1.get(Memoizer.java:61) ~[oshi-core-6.4.10.jar:6.4.10]
	at oshi.hardware.common.AbstractHardwareAbstractionLayer.getProcessor(AbstractHardwareAbstractionLayer.java:48) ~[oshi-core-6.4.10.jar:6.4.10]
	at net.minecraft.SystemReport.lambda$putHardware$4(SystemReport.java:80) ~[paper-1.21.jar:1.21-130-b1b5d4c]
	at net.minecraft.SystemReport.ignoreErrors(SystemReport.java:88) ~[paper-1.21.jar:1.21-130-b1b5d4c]
	at net.minecraft.SystemReport.putHardware(SystemReport.java:80) ~[paper-1.21.jar:1.21-130-b1b5d4c]
	... 10 more
[STDOUT] [20:02:59 INFO]: [PluginInitializerManager] Initializing plugins...
[STDOUT] [20:03:00 INFO]: [PluginInitializerManager] Initialized 0 plugins
[STDOUT] [20:03:27 INFO]: Environment: Environment[sessionHost=https://sessionserver.mojang.com, servicesHost=https://api.minecraftservices.com, name=PROD]
[STDOUT] [20:03:44 INFO]: Loaded 1290 recipes
[STDOUT] [20:03:45 INFO]: Loaded 1399 advancements
[STDOUT] [20:03:46 INFO]: Starting minecraft server version 1.21
[STDOUT] [20:03:46 INFO]: Loading properties
[STDOUT] [20:03:47 INFO]: This server is running Paper version 1.21-130-master@b1b5d4c (2024-08-10T10:02:42Z) (Implementing API version 1.21-R0.1-SNAPSHOT)
[STDOUT] [20:03:50 INFO]: [spark] This server bundles the spark profiler. For more information please visit https://docs.papermc.io/paper/profiling
[STDOUT] [20:03:51 INFO]: Server Ping Player Sample Count: 12
[STDOUT] [20:03:51 INFO]: Using 4 threads for Netty based IO
[STDOUT] [20:04:00 INFO]: [ChunkTaskScheduler] Chunk system is using 1 I/O threads, 2 worker threads, and population gen parallelism of 2 threads
[STDOUT] [20:04:01 INFO]: Default game type: SURVIVAL
[STDOUT] [20:04:01 INFO]: Generating keypair
[STDOUT] [20:04:01 INFO]: Starting Minecraft server on *:25565
[STDOUT] [20:04:02 INFO]: Using default channel type
[STDOUT] [20:04:02 INFO]: Paper: Using Java compression from Velocity.
[STDOUT] [20:04:02 INFO]: Paper: Using Java cipher from Velocity.
[STDOUT] [20:04:02 WARN]: [io.netty.util.internal.MacAddressUtil] Failed to find a usable hardware address from the network interfaces; using random bytes: 1e:28:b7:e2:c2:1c:30:7e
[STDOUT] [20:04:02 INFO]: Server permissions file permissions.yml is empty, ignoring it
[STDOUT] [20:04:02 INFO]: Preparing level "world"
[STDOUT] [20:04:06 INFO]: Preparing start region for dimension minecraft:overworld
[STDOUT] [20:04:14 INFO]: Time elapsed: 8796 ms
[STDOUT] [20:04:14 INFO]: Preparing start region for dimension minecraft:the_nether
[STDOUT] [20:04:15 INFO]: Time elapsed: 621 ms
[STDOUT] [20:04:15 INFO]: Preparing start region for dimension minecraft:the_end
[STDOUT] [20:04:15 INFO]: Time elapsed: 396 ms
[STDOUT] [20:04:16 INFO]: [spark] Starting background profiler...
[STDOUT] [20:04:16 WARN]: [spark] Unable to initialise the async-profiler engine: A runtime error occurred whilst loading the native library (/data/data/com.termux/files/home/MojePliki/serwery/HOSTING/plugins/spark/tmp/spark-a3b183b4573-libasyncProfiler.so.tmp: dlopen failed: library "libdl.so.2" not found: needed by /data/data/com.termux/files/home/MojePliki/serwery/HOSTING/plugins/spark/tmp/spark-a3b183b4573-libasyncProfiler.so.tmp in namespace (default))
[STDOUT] [20:04:16 WARN]: [spark] Please see here for more information: https://spark.lucko.me/docs/misc/Using-async-profiler
[STDOUT] [20:04:16 INFO]: Done preparing level "world" (13.692s)
[STDOUT] [20:04:16 INFO]: Running delayed init tasks
[STDOUT] [20:04:16 INFO]: Done (82.886s)! For help, type "help"
[STDOUT] [20:04:16 INFO]: Timings Reset
[STDOUT] [20:04:17 INFO]: Stopping the server
[20:04:17 INFO]: Stopping the server
[20:04:17 INFO]: Stopping the server
[STDOUT] [20:04:17 INFO]: Stopping server
[STDOUT] [20:04:17 INFO]: Saving players
[STDOUT] [20:04:17 INFO]: Saving worlds
[STDOUT] [20:04:17 INFO]: Saving chunks for level 'ServerLevel[world]'/minecraft:overworld
[STDOUT] [20:04:17 INFO]: [ChunkHolderManager] Waiting 60s for chunk system to halt for world 'world'
[STDOUT] [20:04:17 INFO]: [ChunkHolderManager] Halted chunk system for world 'world'
[STDOUT] [20:04:17 INFO]: [ChunkHolderManager] Saving all chunkholders for world 'world'
[STDOUT] [20:04:18 INFO]: [ChunkHolderManager] Saved 49 block chunks, 49 entity chunks, 0 poi chunks in world 'world' in 1.05s
[STDOUT] [20:04:18 INFO]: Saving chunks for level 'ServerLevel[world_nether]'/minecraft:the_nether
[STDOUT] [20:04:18 INFO]: [ChunkHolderManager] Waiting 60s for chunk system to halt for world 'world_nether'
[STDOUT] [20:04:18 INFO]: [ChunkHolderManager] Halted chunk system for world 'world_nether'
[20:04:18 INFO]: [ChunkHolderManager] Saving all chunkholders for world 'world_nether'
[STDOUT] [20:04:19 INFO]: [ChunkHolderManager] Saved 49 block chunks, 49 entity chunks, 0 poi chunks in world 'world_nether' in 0.65s
[STDOUT] [20:04:19 INFO]: Saving chunks for level 'ServerLevel[world_the_end]'/minecraft:the_end
[STDOUT] [20:04:19 INFO]: [ChunkHolderManager] Waiting 60s for chunk system to halt for world 'world_the_end'
[20:04:19 INFO]: [ChunkHolderManager] Halted chunk system for world 'world_the_end'
[STDOUT] [20:04:19 INFO]: [ChunkHolderManager] Saving all chunkholders for world 'world_the_end'
[STDOUT] [20:04:19 INFO]: [ChunkHolderManager] Saved 49 block chunks, 49 entity chunks, 0 poi chunks in world 'world_the_end' in 0.38s
[STDOUT] [20:04:19 INFO]: ThreadedAnvilChunkStorage (world): All chunks are saved
[STDOUT] [20:04:19 INFO]: ThreadedAnvilChunkStorage (DIM-1): All chunks are saved
[20:04:19 INFO]: ThreadedAnvilChunkStorage (DIM1): All chunks are saved
[20:04:19 INFO]: ThreadedAnvilChunkStorage: All dimensions are saved
[CLOSE] Kod zakończenia: 0
